2026-04-16T13:55:09.698+02:00  INFO 23144 --- [main] c.e.cart.CarrelloAbstractApplication     : Starting CarrelloAbstractApplication using Java 25.0.2 with PID 23144 (C:\Users\candidato\git\demo-cart\backend\carrello-spring\target\classes started by candidato in C:\Users\candidato\git\demo-cart\backend\carrello-spring)
2026-04-16T13:55:09.700+02:00  INFO 23144 --- [main] c.e.cart.CarrelloAbstractApplication     : No active profile set, falling back to 1 default profile: "default"
2026-04-16T13:55:11.269+02:00  INFO 23144 --- [main] .s.d.r.c.RepositoryConfigurationDelegate : Multiple Spring Data modules found, entering strict repository configuration mode
2026-04-16T13:55:11.272+02:00  INFO 23144 --- [main] .s.d.r.c.RepositoryConfigurationDelegate : Bootstrapping Spring Data JPA repositories in DEFAULT mode.
2026-04-16T13:55:11.556+02:00  INFO 23144 --- [main] .s.d.r.c.RepositoryConfigurationDelegate : Finished Spring Data repository scanning in 270 ms. Found 3 JPA repository interfaces.
2026-04-16T13:55:11.585+02:00  INFO 23144 --- [main] .s.d.r.c.RepositoryConfigurationDelegate : Multiple Spring Data modules found, entering strict repository configuration mode
2026-04-16T13:55:11.587+02:00  INFO 23144 --- [main] .s.d.r.c.RepositoryConfigurationDelegate : Bootstrapping Spring Data Redis repositories in DEFAULT mode.
2026-04-16T13:55:11.624+02:00  INFO 23144 --- [main] .RepositoryConfigurationExtensionSupport : Spring Data Redis - Could not safely identify store assignment for repository candidate interface com.ecommerce.cart.repository.CategoryRepository; If you want this repository to be a Redis repository, consider annotating your entities with one of these annotations: org.springframework.data.redis.core.RedisHash (preferred), or consider extending one of the following types with your repository: org.springframework.data.keyvalue.repository.KeyValueRepository
2026-04-16T13:55:11.624+02:00  INFO 23144 --- [main] .RepositoryConfigurationExtensionSupport : Spring Data Redis - Could not safely identify store assignment for repository candidate interface com.ecommerce.cart.repository.ProductRepository; If you want this repository to be a Redis repository, consider annotating your entities with one of these annotations: org.springframework.data.redis.core.RedisHash (preferred), or consider extending one of the following types with your repository: org.springframework.data.keyvalue.repository.KeyValueRepository
2026-04-16T13:55:11.625+02:00  INFO 23144 --- [main] .RepositoryConfigurationExtensionSupport : Spring Data Redis - Could not safely identify store assignment for repository candidate interface com.ecommerce.cart.repository.UserRepository; If you want this repository to be a Redis repository, consider annotating your entities with one of these annotations: org.springframework.data.redis.core.RedisHash (preferred), or consider extending one of the following types with your repository: org.springframework.data.keyvalue.repository.KeyValueRepository
2026-04-16T13:55:11.625+02:00  INFO 23144 --- [main] .s.d.r.c.RepositoryConfigurationDelegate : Finished Spring Data repository scanning in 16 ms. Found 0 Redis repository interfaces.
2026-04-16T13:55:12.405+02:00  INFO 23144 --- [main] o.s.b.w.embedded.tomcat.TomcatWebServer  : Tomcat initialized with port 8080 (http)
2026-04-16T13:55:12.425+02:00  INFO 23144 --- [main] o.apache.catalina.core.StandardService   : Starting service [Tomcat]
2026-04-16T13:55:12.425+02:00  INFO 23144 --- [main] o.apache.catalina.core.StandardEngine    : Starting Servlet engine: [Apache Tomcat/10.1.53]
2026-04-16T13:55:12.515+02:00  INFO 23144 --- [main] o.a.c.c.C.[Tomcat].[localhost].[/]       : Initializing Spring embedded WebApplicationContext
2026-04-16T13:55:12.515+02:00  INFO 23144 --- [main] w.s.c.ServletWebServerApplicationContext : Root WebApplicationContext: initialization completed in 2755 ms
2026-04-16T13:55:12.665+02:00  INFO 23144 --- [main] com.zaxxer.hikari.HikariDataSource       : HikariPool-1 - Starting...
2026-04-16T13:55:12.936+02:00  INFO 23144 --- [main] com.zaxxer.hikari.pool.HikariPool        : HikariPool-1 - Added connection conn0: url=jdbc:h2:mem:cartdb user=SA
2026-04-16T13:55:12.939+02:00  INFO 23144 --- [main] com.zaxxer.hikari.HikariDataSource       : HikariPool-1 - Start completed.
2026-04-16T13:55:12.996+02:00  INFO 23144 --- [main] o.hibernate.jpa.internal.util.LogHelper  : HHH000204: Processing PersistenceUnitInfo [name: default]
2026-04-16T13:55:13.059+02:00  INFO 23144 --- [main] org.hibernate.Version                    : HHH000412: Hibernate ORM core version 6.6.45.Final
2026-04-16T13:55:13.108+02:00  INFO 23144 --- [main] o.h.c.internal.RegionFactoryInitiator    : HHH000026: Second-level cache disabled
2026-04-16T13:55:13.503+02:00  INFO 23144 --- [main] o.s.o.j.p.SpringPersistenceUnitInfo      : No LoadTimeWeaver setup: ignoring JPA class transformer
2026-04-16T13:55:13.559+02:00  WARN 23144 --- [main] org.hibernate.orm.deprecation            : HHH90000025: H2Dialect does not need to be specified explicitly using 'hibernate.dialect' (remove the property setting and it will be selected by default)
2026-04-16T13:55:13.581+02:00  INFO 23144 --- [main] org.hibernate.orm.connections.pooling    : HHH10001005: Database info:
	Database JDBC URL [Connecting through datasource 'HikariDataSource (HikariPool-1)']
	Database driver: undefined/unknown
	Database version: 2.3.232
	Autocommit mode: undefined/unknown
	Isolation level: undefined/unknown
	Minimum pool size: undefined/unknown
	Maximum pool size: undefined/unknown
2026-04-16T13:55:14.619+02:00  INFO 23144 --- [main] o.h.e.t.j.p.i.JtaPlatformInitiator       : HHH000489: No JTA platform available (set 'hibernate.transaction.jta.platform' to enable JTA platform integration)
2026-04-16T13:55:14.704+02:00  INFO 23144 --- [main] j.LocalContainerEntityManagerFactoryBean : Initialized JPA EntityManagerFactory for persistence unit 'default'
2026-04-16T13:55:15.189+02:00  INFO 23144 --- [main] r$InitializeUserDetailsManagerConfigurer : Global AuthenticationManager configured with UserDetailsService bean with name myUserDetailService
2026-04-16T13:55:16.197+02:00  WARN 23144 --- [main] JpaBaseConfiguration$JpaWebConfiguration : spring.jpa.open-in-view is enabled by default. Therefore, database queries may be performed during view rendering. Explicitly configure spring.jpa.open-in-view to disable this warning
2026-04-16T13:55:16.858+02:00  INFO 23144 --- [main] o.s.b.a.h2.H2ConsoleAutoConfiguration    : H2 console available at '/h2-console'. Database available at 'jdbc:h2:mem:cartdb'
2026-04-16T13:55:16.977+02:00  INFO 23144 --- [main] o.s.b.w.embedded.tomcat.TomcatWebServer  : Tomcat started on port 8080 (http) with context path '/'
2026-04-16T13:55:16.993+02:00  INFO 23144 --- [main] c.e.cart.CarrelloAbstractApplication     : Started CarrelloAbstractApplication in 7.804 seconds (process running for 9.859)
2026-04-16T13:55:16.998+02:00  WARN 23144 --- [main] o.s.core.events.SpringDocAppInitializer  : SpringDoc /v3/api-docs endpoint is enabled by default. To disable it in production, set the property 'springdoc.api-docs.enabled=false'
2026-04-16T13:55:16.998+02:00  WARN 23144 --- [main] o.s.core.events.SpringDocAppInitializer  : SpringDoc /swagger-ui.html endpoint is enabled by default. To disable it in production, set the property 'springdoc.swagger-ui.enabled=false'
2026-04-16T13:55:24.446+02:00  INFO 23144 --- [http-nio-8080-exec-1] o.a.c.c.C.[Tomcat].[localhost].[/]       : Initializing Spring DispatcherServlet 'dispatcherServlet'
2026-04-16T13:55:24.447+02:00  INFO 23144 --- [http-nio-8080-exec-1] o.s.web.servlet.DispatcherServlet        : Initializing Servlet 'dispatcherServlet'
2026-04-16T13:55:24.450+02:00  INFO 23144 --- [http-nio-8080-exec-1] o.s.web.servlet.DispatcherServlet        : Completed initialization in 3 ms
2026-04-16T13:55:24.736+02:00  INFO 23144 --- [http-nio-8080-exec-1] c.e.cart.controller.AuthController       : Login request recived
2026-04-16T13:55:24.736+02:00  INFO 23144 --- [http-nio-8080-exec-1] com.ecommerce.cart.service.AuthService   : Login attempt for username: rest
2026-04-16T13:55:24.912+02:00  INFO 23144 --- [http-nio-8080-exec-1] c.e.cart.service.MyUserDetailService     : Loading user details for username: rest
2026-04-16T13:55:24.923+02:00  INFO 23144 --- [http-nio-8080-exec-1] c.e.cart.service.MyUserDetailService     : User details loaded successfully for username: rest
2026-04-16T13:55:25.112+02:00  INFO 23144 --- [http-nio-8080-exec-1] c.e.cart.service.MyUserDetailService     : Loading user details for username: rest
2026-04-16T13:55:25.116+02:00  INFO 23144 --- [http-nio-8080-exec-1] c.e.cart.service.MyUserDetailService     : User details loaded successfully for username: rest
2026-04-16T13:55:25.303+02:00  INFO 23144 --- [http-nio-8080-exec-1] com.ecommerce.cart.service.AuthService   : Login successful for username: rest
